<?xml version="1.0" encoding="UTF-8"?>
<testng-results skipped="0" failed="0" total="5" passed="5">
  <reporter-output>
  </reporter-output>
  <suite name="Default suite" duration-ms="99" started-at="2020-03-03T07:23:37Z" finished-at="2020-03-03T07:23:37Z">
    <groups>
    </groups>
    <test name="Default test" duration-ms="99" started-at="2020-03-03T07:23:37Z" finished-at="2020-03-03T07:23:37Z">
      <class name="org.test1.TestNgInvocationCount">
        <test-method status="PASS" signature="test()[pri:0, instance:org.test1.TestNgInvocationCount@2ef5e5e3]" name="test" duration-ms="37" started-at="2020-03-03T12:53:37Z" finished-at="2020-03-03T12:53:37Z">
          <reporter-output>
          </reporter-output>
        </test-method> <!-- test -->
        <test-method status="PASS" signature="test()[pri:0, instance:org.test1.TestNgInvocationCount@2ef5e5e3]" name="test" duration-ms="38" started-at="2020-03-03T12:53:37Z" finished-at="2020-03-03T12:53:37Z">
          <reporter-output>
          </reporter-output>
        </test-method> <!-- test -->
        <test-method status="PASS" signature="test()[pri:0, instance:org.test1.TestNgInvocationCount@2ef5e5e3]" name="test" duration-ms="3" started-at="2020-03-03T12:53:37Z" finished-at="2020-03-03T12:53:37Z">
          <reporter-output>
          </reporter-output>
        </test-method> <!-- test -->
        <test-method status="PASS" signature="test()[pri:0, instance:org.test1.TestNgInvocationCount@2ef5e5e3]" name="test" duration-ms="3" started-at="2020-03-03T12:53:37Z" finished-at="2020-03-03T12:53:37Z">
          <reporter-output>
          </reporter-output>
        </test-method> <!-- test -->
        <test-method status="PASS" signature="test()[pri:0, instance:org.test1.TestNgInvocationCount@2ef5e5e3]" name="test" duration-ms="3" started-at="2020-03-03T12:53:37Z" finished-at="2020-03-03T12:53:37Z">
          <reporter-output>
          </reporter-output>
        </test-method> <!-- test -->
      </class> <!-- org.test1.TestNgInvocationCount -->
    </test> <!-- Default test -->
  </suite> <!-- Default suite -->
</testng-results>
